c:\users\prico\onedrive\desktop\faculta\pg\proiectfinal\projectcore\projectcore\x64\debug\vc143.pdb
c:\users\prico\onedrive\desktop\faculta\pg\proiectfinal\projectcore\projectcore\x64\debug\vc143.idb
c:\users\prico\onedrive\desktop\faculta\pg\proiectfinal\projectcore\projectcore\x64\debug\main.obj
c:\users\prico\onedrive\desktop\faculta\pg\proiectfinal\projectcore\projectcore\x64\debug\camera.obj
c:\users\prico\onedrive\desktop\faculta\pg\proiectfinal\projectcore\projectcore\x64\debug\window.obj
c:\users\prico\onedrive\desktop\faculta\pg\proiectfinal\projectcore\projectcore\x64\debug\tiny_obj_loader.obj
c:\users\prico\onedrive\desktop\faculta\pg\proiectfinal\projectcore\projectcore\x64\debug\stb_image.obj
c:\users\prico\onedrive\desktop\faculta\pg\proiectfinal\projectcore\projectcore\x64\debug\skybox.obj
c:\users\prico\onedrive\desktop\faculta\pg\proiectfinal\projectcore\projectcore\x64\debug\shader.obj
c:\users\prico\onedrive\desktop\faculta\pg\proiectfinal\projectcore\projectcore\x64\debug\model3d.obj
c:\users\prico\onedrive\desktop\faculta\pg\proiectfinal\projectcore\projectcore\x64\debug\mesh.obj
c:\users\prico\onedrive\desktop\faculta\pg\proiectfinal\projectcore\x64\debug\projectcore.pdb
c:\users\prico\onedrive\desktop\faculta\pg\proiectfinal\projectcore\projectcore\x64\debug\projectcore.tlog\cl.command.1.tlog
c:\users\prico\onedrive\desktop\faculta\pg\proiectfinal\projectcore\projectcore\x64\debug\projectcore.tlog\cl.read.1.tlog
c:\users\prico\onedrive\desktop\faculta\pg\proiectfinal\projectcore\projectcore\x64\debug\projectcore.tlog\cl.write.1.tlog
c:\users\prico\onedrive\desktop\faculta\pg\proiectfinal\projectcore\projectcore\x64\debug\projectcore.tlog\link-cvtres.read.1.tlog
c:\users\prico\onedrive\desktop\faculta\pg\proiectfinal\projectcore\projectcore\x64\debug\projectcore.tlog\link-cvtres.write.1.tlog
c:\users\prico\onedrive\desktop\faculta\pg\proiectfinal\projectcore\projectcore\x64\debug\projectcore.tlog\link-rc.read.1.tlog
c:\users\prico\onedrive\desktop\faculta\pg\proiectfinal\projectcore\projectcore\x64\debug\projectcore.tlog\link-rc.write.1.tlog
c:\users\prico\onedrive\desktop\faculta\pg\proiectfinal\projectcore\projectcore\x64\debug\projectcore.tlog\link.18188-cvtres.read.1.tlog
c:\users\prico\onedrive\desktop\faculta\pg\proiectfinal\projectcore\projectcore\x64\debug\projectcore.tlog\link.18188-cvtres.write.1.tlog
c:\users\prico\onedrive\desktop\faculta\pg\proiectfinal\projectcore\projectcore\x64\debug\projectcore.tlog\link.18188-rc.read.1.tlog
c:\users\prico\onedrive\desktop\faculta\pg\proiectfinal\projectcore\projectcore\x64\debug\projectcore.tlog\link.18188-rc.write.1.tlog
c:\users\prico\onedrive\desktop\faculta\pg\proiectfinal\projectcore\projectcore\x64\debug\projectcore.tlog\link.18188.read.1.tlog
c:\users\prico\onedrive\desktop\faculta\pg\proiectfinal\projectcore\projectcore\x64\debug\projectcore.tlog\link.18188.read.2.tlog
c:\users\prico\onedrive\desktop\faculta\pg\proiectfinal\projectcore\projectcore\x64\debug\projectcore.tlog\link.18188.write.1.tlog
c:\users\prico\onedrive\desktop\faculta\pg\proiectfinal\projectcore\projectcore\x64\debug\projectcore.tlog\link.command.1.tlog
c:\users\prico\onedrive\desktop\faculta\pg\proiectfinal\projectcore\projectcore\x64\debug\projectcore.tlog\link.read.1.tlog
c:\users\prico\onedrive\desktop\faculta\pg\proiectfinal\projectcore\projectcore\x64\debug\projectcore.tlog\link.read.2.tlog
c:\users\prico\onedrive\desktop\faculta\pg\proiectfinal\projectcore\projectcore\x64\debug\projectcore.tlog\link.write.1.tlog
